Server initialized
Connection made

RECIEVED
GET /scripts/script.c HTTP/1.1
Connection: keep-alive
Authorization: Basic admin-passwd


SENDING
HTTP/1.1 200 OK
Connection: keep-alive
Content-Length: 0


RECIEVED
GET /scripts/script.txt HTTP/1.1
Connection: keep-alive
Authorization: Basic admin-passwd


SENDING
HTTP/1.1 400 Bad Request
Content-Length: 0
Connection: keep-alive


RECIEVED
GET /scripts/script.py HTTP/1.1
Connection: keep-alive
Authorization: Basic admin-passwd


SENDING
HTTP/1.1 200 OK
Connection: keep-alive
Content-Length: 0


RECIEVED
GET /scripts/script.cpp HTTP/1.1
Connection: keep-alive
Authorization: Basic admin-passwd


SENDING
HTTP/1.1 200 OK
Connection: keep-alive
Content-Length: 0


RECIEVED
GET /scripts/script.sh HTTP/1.1
Connection: keep-alive
Authorization: Basic admin-passwd


SENDING
HTTP/1.1 200 OK
Connection: keep-alive
Content-Length: 0


Connection ended abruptly

